<?xml version="1.0" encoding="UTF-8"?>
<coverage generated="1773618465776" clover="3.2.0">
  <project timestamp="1773618465776" name="All files">
    <metrics statements="55" coveredstatements="55" conditionals="38" coveredconditionals="37" methods="8" coveredmethods="8" elements="101" coveredelements="100" complexity="0" loc="55" ncloc="55" packages="1" files="4" classes="4"/>
    <file name="findDifference.js" path="/Users/alina/frontend-project-46/src/findDifference.js">
      <metrics statements="30" coveredstatements="30" conditionals="30" coveredconditionals="30" methods="4" coveredmethods="4"/>
      <line num="4" count="1" type="stmt"/>
      <line num="5" count="8" type="stmt"/>
      <line num="7" count="8" type="stmt"/>
      <line num="8" count="8" type="stmt"/>
      <line num="10" count="8" type="stmt"/>
      <line num="12" count="8" type="cond" truecount="4" falsecount="0"/>
      <line num="13" count="1" type="stmt"/>
      <line num="16" count="7" type="cond" truecount="4" falsecount="0"/>
      <line num="17" count="1" type="stmt"/>
      <line num="18" count="3" type="stmt"/>
      <line num="20" count="1" type="stmt"/>
      <line num="23" count="6" type="cond" truecount="4" falsecount="0"/>
      <line num="24" count="1" type="stmt"/>
      <line num="25" count="4" type="stmt"/>
      <line num="27" count="1" type="stmt"/>
      <line num="30" count="5" type="stmt"/>
      <line num="31" count="24" type="stmt"/>
      <line num="32" count="24" type="stmt"/>
      <line num="33" count="24" type="stmt"/>
      <line num="34" count="24" type="stmt"/>
      <line num="36" count="24" type="cond" truecount="5" falsecount="0"/>
      <line num="37" count="8" type="stmt"/>
      <line num="39" count="16" type="cond" truecount="5" falsecount="0"/>
      <line num="40" count="4" type="stmt"/>
      <line num="41" count="4" type="stmt"/>
      <line num="44" count="24" type="cond" truecount="4" falsecount="0"/>
      <line num="45" count="8" type="stmt"/>
      <line num="47" count="16" type="cond" truecount="4" falsecount="0"/>
      <line num="48" count="4" type="stmt"/>
      <line num="51" count="5" type="stmt"/>
    </file>
    <file name="formatOutput.js" path="/Users/alina/frontend-project-46/src/formatOutput.js">
      <metrics statements="7" coveredstatements="7" conditionals="0" coveredconditionals="0" methods="2" coveredmethods="2"/>
      <line num="1" count="1" type="stmt"/>
      <line num="2" count="8" type="stmt"/>
      <line num="4" count="8" type="stmt"/>
      <line num="5" count="35" type="stmt"/>
      <line num="6" count="35" type="stmt"/>
      <line num="9" count="8" type="stmt"/>
      <line num="10" count="8" type="stmt"/>
    </file>
    <file name="index.js" path="/Users/alina/frontend-project-46/src/index.js">
      <metrics statements="5" coveredstatements="5" conditionals="0" coveredconditionals="0" methods="1" coveredmethods="1"/>
      <line num="6" count="1" type="stmt"/>
      <line num="7" count="8" type="stmt"/>
      <line num="8" count="8" type="stmt"/>
      <line num="10" count="8" type="stmt"/>
      <line num="12" count="8" type="stmt"/>
    </file>
    <file name="parse.js" path="/Users/alina/frontend-project-46/src/parse.js">
      <metrics statements="13" coveredstatements="13" conditionals="8" coveredconditionals="7" methods="1" coveredmethods="1"/>
      <line num="6" count="1" type="stmt"/>
      <line num="7" count="21" type="stmt"/>
      <line num="9" count="21" type="stmt"/>
      <line num="12" count="21" type="stmt"/>
      <line num="14" count="21" type="cond" truecount="2" falsecount="0"/>
      <line num="15" count="1" type="stmt"/>
      <line num="18" count="20" type="stmt"/>
      <line num="19" count="20" type="cond" truecount="2" falsecount="0"/>
      <line num="20" count="14" type="stmt"/>
      <line num="23" count="6" type="cond" truecount="3" falsecount="1"/>
      <line num="24" count="6" type="stmt"/>
      <line num="28" count="2" type="stmt"/>
      <line num="29" count="2" type="stmt"/>
    </file>
  </project>
</coverage>
