<?xml version="1.0" encoding="UTF-8"?>
<coverage generated="1771348031016" clover="3.2.0">
  <project timestamp="1771348031016" name="All files">
    <metrics statements="41" coveredstatements="41" conditionals="32" coveredconditionals="31" methods="6" coveredmethods="6" elements="79" coveredelements="78" complexity="0" loc="41" ncloc="41" packages="1" files="3" classes="3"/>
    <file name="findDifference.js" path="/Users/alina/frontend-project-46/src/findDifference.js">
      <metrics statements="30" coveredstatements="30" conditionals="30" coveredconditionals="30" methods="4" coveredmethods="4"/>
      <line num="4" count="1" type="stmt"/>
      <line num="5" count="6" type="stmt"/>
      <line num="7" count="6" type="stmt"/>
      <line num="8" count="6" type="stmt"/>
      <line num="10" count="6" type="stmt"/>
      <line num="12" count="6" type="cond" truecount="4" falsecount="0"/>
      <line num="13" count="1" type="stmt"/>
      <line num="16" count="5" type="cond" truecount="4" falsecount="0"/>
      <line num="17" count="1" type="stmt"/>
      <line num="18" count="3" type="stmt"/>
      <line num="20" count="1" type="stmt"/>
      <line num="23" count="4" type="cond" truecount="4" falsecount="0"/>
      <line num="24" count="1" type="stmt"/>
      <line num="25" count="4" type="stmt"/>
      <line num="27" count="1" type="stmt"/>
      <line num="30" count="3" type="stmt"/>
      <line num="31" count="14" type="stmt"/>
      <line num="32" count="14" type="stmt"/>
      <line num="33" count="14" type="stmt"/>
      <line num="34" count="14" type="stmt"/>
      <line num="36" count="14" type="cond" truecount="5" falsecount="0"/>
      <line num="37" count="6" type="stmt"/>
      <line num="39" count="8" type="cond" truecount="5" falsecount="0"/>
      <line num="40" count="2" type="stmt"/>
      <line num="41" count="2" type="stmt"/>
      <line num="44" count="14" type="cond" truecount="4" falsecount="0"/>
      <line num="45" count="4" type="stmt"/>
      <line num="47" count="10" type="cond" truecount="4" falsecount="0"/>
      <line num="48" count="2" type="stmt"/>
      <line num="52" count="3" type="stmt"/>
    </file>
    <file name="index.js" path="/Users/alina/frontend-project-46/src/index.js">
      <metrics statements="5" coveredstatements="5" conditionals="0" coveredconditionals="0" methods="1" coveredmethods="1"/>
      <line num="5" count="1" type="stmt"/>
      <line num="6" count="6" type="stmt"/>
      <line num="7" count="6" type="stmt"/>
      <line num="9" count="6" type="stmt"/>
      <line num="10" count="6" type="stmt"/>
    </file>
    <file name="parse.js" path="/Users/alina/frontend-project-46/src/parse.js">
      <metrics statements="6" coveredstatements="6" conditionals="2" coveredconditionals="1" methods="1" coveredmethods="1"/>
      <line num="5" count="1" type="stmt"/>
      <line num="6" count="12" type="stmt"/>
      <line num="9" count="12" type="stmt"/>
      <line num="12" count="12" type="stmt"/>
      <line num="15" count="12" type="cond" truecount="1" falsecount="1"/>
      <line num="16" count="12" type="stmt"/>
    </file>
  </project>
</coverage>
