{"/Users/alina/frontend-project-46/src/index.js": {"path":"/Users/alina/frontend-project-46/src/index.js","statementMap":{"0":{"start":{"line":6,"column":16},"end":{"line":18,"column":1}},"1":{"start":{"line":7,"column":15},"end":{"line":7,"column":35}},"2":{"start":{"line":8,"column":15},"end":{"line":8,"column":35}},"3":{"start":{"line":10,"column":18},"end":{"line":10,"column":46}},"4":{"start":{"line":12,"column":2},"end":{"line":17,"column":3}},"5":{"start":{"line":14,"column":6},"end":{"line":14,"column":35}},"6":{"start":{"line":16,"column":6},"end":{"line":16,"column":53}}},"fnMap":{"0":{"name":"(anonymous_0)","decl":{"start":{"line":6,"column":16},"end":{"line":6,"column":17}},"loc":{"start":{"line":6,"column":62},"end":{"line":18,"column":1}},"line":6}},"branchMap":{"0":{"loc":{"start":{"line":6,"column":39},"end":{"line":6,"column":57}},"type":"default-arg","locations":[{"start":{"line":6,"column":48},"end":{"line":6,"column":57}}],"line":6},"1":{"loc":{"start":{"line":12,"column":2},"end":{"line":17,"column":3}},"type":"switch","locations":[{"start":{"line":13,"column":4},"end":{"line":14,"column":35}},{"start":{"line":15,"column":4},"end":{"line":16,"column":53}}],"line":12}},"s":{"0":1,"1":7,"2":7,"3":7,"4":7,"5":7,"6":0},"f":{"0":7},"b":{"0":[7],"1":[7,0]},"_coverageSchema":"1a1c01bbd47fc00a2c39e90264f33305004495a9","hash":"8f9bbb53847e9553ac213a0e157c98a46e880143"}
,"/Users/alina/frontend-project-46/src/formatters/stylishFormat.js": {"path":"/Users/alina/frontend-project-46/src/formatters/stylishFormat.js","statementMap":{"0":{"start":{"line":3,"column":22},"end":{"line":50,"column":1}},"1":{"start":{"line":4,"column":22},"end":{"line":19,"column":5}},"2":{"start":{"line":5,"column":8},"end":{"line":7,"column":9}},"3":{"start":{"line":6,"column":12},"end":{"line":6,"column":33}},"4":{"start":{"line":9,"column":22},"end":{"line":9,"column":25}},"5":{"start":{"line":10,"column":27},"end":{"line":10,"column":36}},"6":{"start":{"line":12,"column":30},"end":{"line":12,"column":58}},"7":{"start":{"line":13,"column":30},"end":{"line":13,"column":54}},"8":{"start":{"line":15,"column":22},"end":{"line":17,"column":11}},"9":{"start":{"line":16,"column":28},"end":{"line":16,"column":82}},"10":{"start":{"line":18,"column":10},"end":{"line":18,"column":65}},"11":{"start":{"line":22,"column":17},"end":{"line":48,"column":5}},"12":{"start":{"line":23,"column":22},"end":{"line":23,"column":25}},"13":{"start":{"line":24,"column":27},"end":{"line":24,"column":36}},"14":{"start":{"line":25,"column":27},"end":{"line":25,"column":55}},"15":{"start":{"line":26,"column":30},"end":{"line":26,"column":58}},"16":{"start":{"line":28,"column":22},"end":{"line":46,"column":10}},"17":{"start":{"line":29,"column":12},"end":{"line":45,"column":13}},"18":{"start":{"line":31,"column":20},"end":{"line":31,"column":88}},"19":{"start":{"line":33,"column":20},"end":{"line":33,"column":88}},"20":{"start":{"line":35,"column":20},"end":{"line":38,"column":34}},"21":{"start":{"line":40,"column":20},"end":{"line":40,"column":88}},"22":{"start":{"line":42,"column":20},"end":{"line":42,"column":90}},"23":{"start":{"line":44,"column":20},"end":{"line":44,"column":65}},"24":{"start":{"line":47,"column":8},"end":{"line":47,"column":62}},"25":{"start":{"line":49,"column":4},"end":{"line":49,"column":24}}},"fnMap":{"0":{"name":"(anonymous_0)","decl":{"start":{"line":3,"column":22},"end":{"line":3,"column":23}},"loc":{"start":{"line":3,"column":32},"end":{"line":50,"column":1}},"line":3},"1":{"name":"(anonymous_1)","decl":{"start":{"line":4,"column":22},"end":{"line":4,"column":23}},"loc":{"start":{"line":4,"column":40},"end":{"line":19,"column":5}},"line":4},"2":{"name":"(anonymous_2)","decl":{"start":{"line":16,"column":12},"end":{"line":16,"column":13}},"loc":{"start":{"line":16,"column":28},"end":{"line":16,"column":82}},"line":16},"3":{"name":"(anonymous_3)","decl":{"start":{"line":22,"column":17},"end":{"line":22,"column":18}},"loc":{"start":{"line":22,"column":35},"end":{"line":48,"column":5}},"line":22},"4":{"name":"(anonymous_4)","decl":{"start":{"line":28,"column":32},"end":{"line":28,"column":33}},"loc":{"start":{"line":28,"column":42},"end":{"line":46,"column":9}},"line":28}},"branchMap":{"0":{"loc":{"start":{"line":5,"column":8},"end":{"line":7,"column":9}},"type":"if","locations":[{"start":{"line":5,"column":8},"end":{"line":7,"column":9}},{"start":{},"end":{}}],"line":5},"1":{"loc":{"start":{"line":29,"column":12},"end":{"line":45,"column":13}},"type":"switch","locations":[{"start":{"line":30,"column":16},"end":{"line":31,"column":88}},{"start":{"line":32,"column":16},"end":{"line":33,"column":88}},{"start":{"line":34,"column":16},"end":{"line":38,"column":34}},{"start":{"line":39,"column":16},"end":{"line":40,"column":88}},{"start":{"line":41,"column":16},"end":{"line":42,"column":90}},{"start":{"line":43,"column":16},"end":{"line":44,"column":65}}],"line":29}},"s":{"0":1,"1":7,"2":92,"3":71,"4":21,"5":21,"6":21,"7":21,"8":21,"9":27,"10":21,"11":7,"12":19,"13":19,"14":19,"15":19,"16":19,"17":65,"18":18,"19":10,"20":12,"21":13,"22":12,"23":0,"24":19,"25":7},"f":{"0":7,"1":92,"2":27,"3":19,"4":65},"b":{"0":[71,21],"1":[18,10,12,13,12,0]},"_coverageSchema":"1a1c01bbd47fc00a2c39e90264f33305004495a9","hash":"a82bdd494e43717ad97b2d1538bed43e6ea8f3fc"}
,"/Users/alina/frontend-project-46/src/modules/generateDiffData.js": {"path":"/Users/alina/frontend-project-46/src/modules/generateDiffData.js","statementMap":{"0":{"start":{"line":3,"column":25},"end":{"line":55,"column":1}},"1":{"start":{"line":4,"column":19},"end":{"line":4,"column":36}},"2":{"start":{"line":5,"column":19},"end":{"line":5,"column":36}},"3":{"start":{"line":6,"column":21},"end":{"line":6,"column":48}},"4":{"start":{"line":7,"column":27},"end":{"line":7,"column":47}},"5":{"start":{"line":9,"column":19},"end":{"line":53,"column":4}},"6":{"start":{"line":10,"column":4},"end":{"line":16,"column":5}},"7":{"start":{"line":11,"column":8},"end":{"line":15,"column":9}},"8":{"start":{"line":18,"column":4},"end":{"line":24,"column":5}},"9":{"start":{"line":19,"column":8},"end":{"line":23,"column":9}},"10":{"start":{"line":26,"column":19},"end":{"line":26,"column":28}},"11":{"start":{"line":27,"column":19},"end":{"line":27,"column":28}},"12":{"start":{"line":29,"column":4},"end":{"line":35,"column":5}},"13":{"start":{"line":30,"column":8},"end":{"line":34,"column":9}},"14":{"start":{"line":37,"column":4},"end":{"line":43,"column":5}},"15":{"start":{"line":38,"column":8},"end":{"line":42,"column":9}},"16":{"start":{"line":45,"column":4},"end":{"line":52,"column":5}},"17":{"start":{"line":46,"column":8},"end":{"line":51,"column":9}},"18":{"start":{"line":54,"column":2},"end":{"line":54,"column":17}}},"fnMap":{"0":{"name":"(anonymous_0)","decl":{"start":{"line":3,"column":25},"end":{"line":3,"column":26}},"loc":{"start":{"line":3,"column":41},"end":{"line":55,"column":1}},"line":3},"1":{"name":"(anonymous_1)","decl":{"start":{"line":9,"column":40},"end":{"line":9,"column":41}},"loc":{"start":{"line":9,"column":49},"end":{"line":53,"column":3}},"line":9}},"branchMap":{"0":{"loc":{"start":{"line":10,"column":4},"end":{"line":16,"column":5}},"type":"if","locations":[{"start":{"line":10,"column":4},"end":{"line":16,"column":5}},{"start":{},"end":{}}],"line":10},"1":{"loc":{"start":{"line":18,"column":4},"end":{"line":24,"column":5}},"type":"if","locations":[{"start":{"line":18,"column":4},"end":{"line":24,"column":5}},{"start":{},"end":{}}],"line":18},"2":{"loc":{"start":{"line":29,"column":4},"end":{"line":35,"column":5}},"type":"if","locations":[{"start":{"line":29,"column":4},"end":{"line":35,"column":5}},{"start":{},"end":{}}],"line":29},"3":{"loc":{"start":{"line":29,"column":8},"end":{"line":29,"column":58}},"type":"binary-expr","locations":[{"start":{"line":29,"column":8},"end":{"line":29,"column":31}},{"start":{"line":29,"column":35},"end":{"line":29,"column":58}}],"line":29},"4":{"loc":{"start":{"line":37,"column":4},"end":{"line":43,"column":5}},"type":"if","locations":[{"start":{"line":37,"column":4},"end":{"line":43,"column":5}},{"start":{},"end":{}}],"line":37},"5":{"loc":{"start":{"line":37,"column":8},"end":{"line":37,"column":95}},"type":"binary-expr","locations":[{"start":{"line":37,"column":8},"end":{"line":37,"column":32}},{"start":{"line":37,"column":36},"end":{"line":37,"column":60}},{"start":{"line":37,"column":64},"end":{"line":37,"column":95}}],"line":37},"6":{"loc":{"start":{"line":45,"column":4},"end":{"line":52,"column":5}},"type":"if","locations":[{"start":{"line":45,"column":4},"end":{"line":52,"column":5}},{"start":{},"end":{}}],"line":45},"7":{"loc":{"start":{"line":45,"column":8},"end":{"line":45,"column":96}},"type":"binary-expr","locations":[{"start":{"line":45,"column":8},"end":{"line":45,"column":32}},{"start":{"line":45,"column":36},"end":{"line":45,"column":60}},{"start":{"line":45,"column":64},"end":{"line":45,"column":96}}],"line":45}},"s":{"0":1,"1":19,"2":19,"3":19,"4":19,"5":19,"6":65,"7":18,"8":47,"9":10,"10":37,"11":37,"12":37,"13":12,"14":25,"15":13,"16":12,"17":12,"18":19},"f":{"0":19,"1":65},"b":{"0":[18,47],"1":[10,37],"2":[12,25],"3":[37,15],"4":[13,12],"5":[25,25,25],"6":[12,0],"7":[12,12,12]},"_coverageSchema":"1a1c01bbd47fc00a2c39e90264f33305004495a9","hash":"02ff78e9a1badd7762050f3ce7e4484abb6d910a"}
,"/Users/alina/frontend-project-46/src/modules/parsers.js": {"path":"/Users/alina/frontend-project-46/src/modules/parsers.js","statementMap":{"0":{"start":{"line":6,"column":18},"end":{"line":30,"column":1}},"1":{"start":{"line":7,"column":23},"end":{"line":7,"column":60}},"2":{"start":{"line":9,"column":15},"end":{"line":9,"column":50}},"3":{"start":{"line":12,"column":18},"end":{"line":12,"column":58}},"4":{"start":{"line":14,"column":2},"end":{"line":16,"column":3}},"5":{"start":{"line":15,"column":4},"end":{"line":15,"column":65}},"6":{"start":{"line":18,"column":2},"end":{"line":29,"column":3}},"7":{"start":{"line":19,"column":4},"end":{"line":25,"column":5}},"8":{"start":{"line":21,"column":6},"end":{"line":21,"column":29}},"9":{"start":{"line":23,"column":9},"end":{"line":25,"column":5}},"10":{"start":{"line":24,"column":6},"end":{"line":24,"column":28}},"11":{"start":{"line":28,"column":4},"end":{"line":28,"column":56}}},"fnMap":{"0":{"name":"(anonymous_0)","decl":{"start":{"line":6,"column":18},"end":{"line":6,"column":19}},"loc":{"start":{"line":6,"column":32},"end":{"line":30,"column":1}},"line":6}},"branchMap":{"0":{"loc":{"start":{"line":14,"column":2},"end":{"line":16,"column":3}},"type":"if","locations":[{"start":{"line":14,"column":2},"end":{"line":16,"column":3}},{"start":{},"end":{}}],"line":14},"1":{"loc":{"start":{"line":19,"column":4},"end":{"line":25,"column":5}},"type":"if","locations":[{"start":{"line":19,"column":4},"end":{"line":25,"column":5}},{"start":{"line":23,"column":9},"end":{"line":25,"column":5}}],"line":19},"2":{"loc":{"start":{"line":23,"column":9},"end":{"line":25,"column":5}},"type":"if","locations":[{"start":{"line":23,"column":9},"end":{"line":25,"column":5}},{"start":{},"end":{}}],"line":23},"3":{"loc":{"start":{"line":23,"column":13},"end":{"line":23,"column":54}},"type":"binary-expr","locations":[{"start":{"line":23,"column":13},"end":{"line":23,"column":31}},{"start":{"line":23,"column":35},"end":{"line":23,"column":54}}],"line":23}},"s":{"0":1,"1":19,"2":19,"3":19,"4":19,"5":1,"6":18,"7":18,"8":13,"9":5,"10":5,"11":2},"f":{"0":19},"b":{"0":[1,18],"1":[13,5],"2":[5,0],"3":[5,5]},"_coverageSchema":"1a1c01bbd47fc00a2c39e90264f33305004495a9","hash":"fb468955825080b1b3ed1fe2c3be6b197d6c9b1b"}
}
