{"/Users/alina/frontend-project-46/src/findDifference.js": {"path":"/Users/alina/frontend-project-46/src/findDifference.js","statementMap":{"0":{"start":{"line":4,"column":17},"end":{"line":52,"column":1}},"1":{"start":{"line":5,"column":17},"end":{"line":5,"column":19}},"2":{"start":{"line":7,"column":19},"end":{"line":7,"column":46}},"3":{"start":{"line":8,"column":19},"end":{"line":8,"column":46}},"4":{"start":{"line":10,"column":18},"end":{"line":10,"column":55}},"5":{"start":{"line":12,"column":2},"end":{"line":14,"column":3}},"6":{"start":{"line":13,"column":4},"end":{"line":13,"column":13}},"7":{"start":{"line":16,"column":2},"end":{"line":21,"column":3}},"8":{"start":{"line":17,"column":4},"end":{"line":19,"column":6}},"9":{"start":{"line":18,"column":6},"end":{"line":18,"column":36}},"10":{"start":{"line":20,"column":4},"end":{"line":20,"column":17}},"11":{"start":{"line":23,"column":2},"end":{"line":28,"column":3}},"12":{"start":{"line":24,"column":4},"end":{"line":26,"column":6}},"13":{"start":{"line":25,"column":6},"end":{"line":25,"column":36}},"14":{"start":{"line":27,"column":4},"end":{"line":27,"column":17}},"15":{"start":{"line":30,"column":2},"end":{"line":50,"column":4}},"16":{"start":{"line":31,"column":20},"end":{"line":31,"column":42}},"17":{"start":{"line":32,"column":20},"end":{"line":32,"column":42}},"18":{"start":{"line":33,"column":19},"end":{"line":33,"column":28}},"19":{"start":{"line":34,"column":19},"end":{"line":34,"column":28}},"20":{"start":{"line":36,"column":4},"end":{"line":42,"column":5}},"21":{"start":{"line":37,"column":6},"end":{"line":37,"column":33}},"22":{"start":{"line":39,"column":9},"end":{"line":42,"column":5}},"23":{"start":{"line":40,"column":6},"end":{"line":40,"column":33}},"24":{"start":{"line":41,"column":6},"end":{"line":41,"column":33}},"25":{"start":{"line":44,"column":4},"end":{"line":49,"column":5}},"26":{"start":{"line":45,"column":6},"end":{"line":45,"column":33}},"27":{"start":{"line":47,"column":9},"end":{"line":49,"column":5}},"28":{"start":{"line":48,"column":6},"end":{"line":48,"column":33}},"29":{"start":{"line":51,"column":2},"end":{"line":51,"column":15}}},"fnMap":{"0":{"name":"(anonymous_0)","decl":{"start":{"line":4,"column":17},"end":{"line":4,"column":18}},"loc":{"start":{"line":4,"column":33},"end":{"line":52,"column":1}},"line":4},"1":{"name":"(anonymous_1)","decl":{"start":{"line":17,"column":21},"end":{"line":17,"column":22}},"loc":{"start":{"line":17,"column":30},"end":{"line":19,"column":5}},"line":17},"2":{"name":"(anonymous_2)","decl":{"start":{"line":24,"column":21},"end":{"line":24,"column":22}},"loc":{"start":{"line":24,"column":30},"end":{"line":26,"column":5}},"line":24},"3":{"name":"(anonymous_3)","decl":{"start":{"line":30,"column":18},"end":{"line":30,"column":19}},"loc":{"start":{"line":30,"column":27},"end":{"line":50,"column":3}},"line":30}},"branchMap":{"0":{"loc":{"start":{"line":12,"column":2},"end":{"line":14,"column":3}},"type":"if","locations":[{"start":{"line":12,"column":2},"end":{"line":14,"column":3}},{"start":{},"end":{}}],"line":12},"1":{"loc":{"start":{"line":12,"column":6},"end":{"line":12,"column":52}},"type":"binary-expr","locations":[{"start":{"line":12,"column":6},"end":{"line":12,"column":27}},{"start":{"line":12,"column":31},"end":{"line":12,"column":52}}],"line":12},"2":{"loc":{"start":{"line":16,"column":2},"end":{"line":21,"column":3}},"type":"if","locations":[{"start":{"line":16,"column":2},"end":{"line":21,"column":3}},{"start":{},"end":{}}],"line":16},"3":{"loc":{"start":{"line":16,"column":6},"end":{"line":16,"column":52}},"type":"binary-expr","locations":[{"start":{"line":16,"column":6},"end":{"line":16,"column":27}},{"start":{"line":16,"column":31},"end":{"line":16,"column":52}}],"line":16},"4":{"loc":{"start":{"line":23,"column":2},"end":{"line":28,"column":3}},"type":"if","locations":[{"start":{"line":23,"column":2},"end":{"line":28,"column":3}},{"start":{},"end":{}}],"line":23},"5":{"loc":{"start":{"line":23,"column":6},"end":{"line":23,"column":52}},"type":"binary-expr","locations":[{"start":{"line":23,"column":6},"end":{"line":23,"column":27}},{"start":{"line":23,"column":31},"end":{"line":23,"column":52}}],"line":23},"6":{"loc":{"start":{"line":36,"column":4},"end":{"line":42,"column":5}},"type":"if","locations":[{"start":{"line":36,"column":4},"end":{"line":42,"column":5}},{"start":{"line":39,"column":9},"end":{"line":42,"column":5}}],"line":36},"7":{"loc":{"start":{"line":36,"column":8},"end":{"line":36,"column":47}},"type":"binary-expr","locations":[{"start":{"line":36,"column":8},"end":{"line":36,"column":15}},{"start":{"line":36,"column":19},"end":{"line":36,"column":26}},{"start":{"line":36,"column":30},"end":{"line":36,"column":47}}],"line":36},"8":{"loc":{"start":{"line":39,"column":9},"end":{"line":42,"column":5}},"type":"if","locations":[{"start":{"line":39,"column":9},"end":{"line":42,"column":5}},{"start":{},"end":{}}],"line":39},"9":{"loc":{"start":{"line":39,"column":13},"end":{"line":39,"column":52}},"type":"binary-expr","locations":[{"start":{"line":39,"column":13},"end":{"line":39,"column":20}},{"start":{"line":39,"column":24},"end":{"line":39,"column":31}},{"start":{"line":39,"column":35},"end":{"line":39,"column":52}}],"line":39},"10":{"loc":{"start":{"line":44,"column":4},"end":{"line":49,"column":5}},"type":"if","locations":[{"start":{"line":44,"column":4},"end":{"line":49,"column":5}},{"start":{"line":47,"column":9},"end":{"line":49,"column":5}}],"line":44},"11":{"loc":{"start":{"line":44,"column":8},"end":{"line":44,"column":27}},"type":"binary-expr","locations":[{"start":{"line":44,"column":8},"end":{"line":44,"column":15}},{"start":{"line":44,"column":19},"end":{"line":44,"column":27}}],"line":44},"12":{"loc":{"start":{"line":47,"column":9},"end":{"line":49,"column":5}},"type":"if","locations":[{"start":{"line":47,"column":9},"end":{"line":49,"column":5}},{"start":{},"end":{}}],"line":47},"13":{"loc":{"start":{"line":47,"column":13},"end":{"line":47,"column":32}},"type":"binary-expr","locations":[{"start":{"line":47,"column":13},"end":{"line":47,"column":21}},{"start":{"line":47,"column":25},"end":{"line":47,"column":32}}],"line":47}},"s":{"0":1,"1":8,"2":8,"3":8,"4":8,"5":8,"6":1,"7":7,"8":1,"9":3,"10":1,"11":6,"12":1,"13":4,"14":1,"15":5,"16":24,"17":24,"18":24,"19":24,"20":24,"21":8,"22":16,"23":4,"24":4,"25":24,"26":8,"27":16,"28":4,"29":5},"f":{"0":8,"1":3,"2":4,"3":24},"b":{"0":[1,7],"1":[8,2],"2":[1,6],"3":[7,1],"4":[1,5],"5":[6,6],"6":[8,16],"7":[24,20,12],"8":[4,12],"9":[16,12,4],"10":[8,16],"11":[24,20],"12":[4,12],"13":[16,4]},"_coverageSchema":"1a1c01bbd47fc00a2c39e90264f33305004495a9","hash":"fa05087d2a089bd4911adb6ec614153f66c8fbb7"}
,"/Users/alina/frontend-project-46/src/formatOutput.js": {"path":"/Users/alina/frontend-project-46/src/formatOutput.js","statementMap":{"0":{"start":{"line":1,"column":24},"end":{"line":11,"column":1}},"1":{"start":{"line":2,"column":16},"end":{"line":2,"column":21}},"2":{"start":{"line":4,"column":2},"end":{"line":7,"column":4}},"3":{"start":{"line":5,"column":18},"end":{"line":5,"column":27}},"4":{"start":{"line":6,"column":4},"end":{"line":6,"column":36}},"5":{"start":{"line":9,"column":2},"end":{"line":9,"column":17}},"6":{"start":{"line":10,"column":2},"end":{"line":10,"column":25}}},"fnMap":{"0":{"name":"(anonymous_0)","decl":{"start":{"line":1,"column":24},"end":{"line":1,"column":25}},"loc":{"start":{"line":1,"column":34},"end":{"line":11,"column":1}},"line":1},"1":{"name":"(anonymous_1)","decl":{"start":{"line":4,"column":28},"end":{"line":4,"column":29}},"loc":{"start":{"line":4,"column":37},"end":{"line":7,"column":3}},"line":4}},"branchMap":{},"s":{"0":1,"1":8,"2":8,"3":35,"4":35,"5":8,"6":8},"f":{"0":8,"1":35},"b":{},"_coverageSchema":"1a1c01bbd47fc00a2c39e90264f33305004495a9","hash":"e419ca04f63d9a9f822e21ee0ceacd4efb05b129"}
,"/Users/alina/frontend-project-46/src/index.js": {"path":"/Users/alina/frontend-project-46/src/index.js","statementMap":{"0":{"start":{"line":6,"column":16},"end":{"line":13,"column":1}},"1":{"start":{"line":7,"column":15},"end":{"line":7,"column":35}},"2":{"start":{"line":8,"column":15},"end":{"line":8,"column":35}},"3":{"start":{"line":10,"column":15},"end":{"line":10,"column":35}},"4":{"start":{"line":12,"column":2},"end":{"line":12,"column":30}}},"fnMap":{"0":{"name":"(anonymous_0)","decl":{"start":{"line":6,"column":16},"end":{"line":6,"column":17}},"loc":{"start":{"line":6,"column":42},"end":{"line":13,"column":1}},"line":6}},"branchMap":{},"s":{"0":1,"1":8,"2":8,"3":8,"4":8},"f":{"0":8},"b":{},"_coverageSchema":"1a1c01bbd47fc00a2c39e90264f33305004495a9","hash":"a1f94af355e94ee8e8c8e9b6f0b3e6f273d75674"}
,"/Users/alina/frontend-project-46/src/parse.js": {"path":"/Users/alina/frontend-project-46/src/parse.js","statementMap":{"0":{"start":{"line":6,"column":18},"end":{"line":31,"column":1}},"1":{"start":{"line":7,"column":23},"end":{"line":7,"column":76}},"2":{"start":{"line":9,"column":15},"end":{"line":9,"column":50}},"3":{"start":{"line":12,"column":18},"end":{"line":12,"column":58}},"4":{"start":{"line":14,"column":2},"end":{"line":16,"column":3}},"5":{"start":{"line":15,"column":4},"end":{"line":15,"column":65}},"6":{"start":{"line":18,"column":2},"end":{"line":30,"column":3}},"7":{"start":{"line":19,"column":4},"end":{"line":21,"column":5}},"8":{"start":{"line":20,"column":6},"end":{"line":20,"column":29}},"9":{"start":{"line":23,"column":4},"end":{"line":25,"column":5}},"10":{"start":{"line":24,"column":6},"end":{"line":24,"column":28}},"11":{"start":{"line":28,"column":4},"end":{"line":28,"column":37}},"12":{"start":{"line":29,"column":4},"end":{"line":29,"column":56}}},"fnMap":{"0":{"name":"(anonymous_0)","decl":{"start":{"line":6,"column":18},"end":{"line":6,"column":19}},"loc":{"start":{"line":6,"column":32},"end":{"line":31,"column":1}},"line":6}},"branchMap":{"0":{"loc":{"start":{"line":14,"column":2},"end":{"line":16,"column":3}},"type":"if","locations":[{"start":{"line":14,"column":2},"end":{"line":16,"column":3}},{"start":{},"end":{}}],"line":14},"1":{"loc":{"start":{"line":19,"column":4},"end":{"line":21,"column":5}},"type":"if","locations":[{"start":{"line":19,"column":4},"end":{"line":21,"column":5}},{"start":{},"end":{}}],"line":19},"2":{"loc":{"start":{"line":23,"column":4},"end":{"line":25,"column":5}},"type":"if","locations":[{"start":{"line":23,"column":4},"end":{"line":25,"column":5}},{"start":{},"end":{}}],"line":23},"3":{"loc":{"start":{"line":23,"column":8},"end":{"line":23,"column":49}},"type":"binary-expr","locations":[{"start":{"line":23,"column":8},"end":{"line":23,"column":26}},{"start":{"line":23,"column":30},"end":{"line":23,"column":49}}],"line":23}},"s":{"0":1,"1":21,"2":21,"3":21,"4":21,"5":1,"6":20,"7":20,"8":14,"9":6,"10":6,"11":2,"12":2},"f":{"0":21},"b":{"0":[1,20],"1":[14,6],"2":[6,0],"3":[6,6]},"_coverageSchema":"1a1c01bbd47fc00a2c39e90264f33305004495a9","hash":"2ef5c31f12c8a7ce5270fccb68e3b5b6ebb2a6b7"}
}
