TN:
SF:src/findDifference.js
FN:4,(anonymous_0)
FN:17,(anonymous_1)
FN:24,(anonymous_2)
FN:30,(anonymous_3)
FNF:4
FNH:4
FNDA:8,(anonymous_0)
FNDA:3,(anonymous_1)
FNDA:4,(anonymous_2)
FNDA:24,(anonymous_3)
DA:4,1
DA:5,8
DA:7,8
DA:8,8
DA:10,8
DA:12,8
DA:13,1
DA:16,7
DA:17,1
DA:18,3
DA:20,1
DA:23,6
DA:24,1
DA:25,4
DA:27,1
DA:30,5
DA:31,24
DA:32,24
DA:33,24
DA:34,24
DA:36,24
DA:37,8
DA:39,16
DA:40,4
DA:41,4
DA:44,24
DA:45,8
DA:47,16
DA:48,4
DA:51,5
LF:30
LH:30
BRDA:12,0,0,1
BRDA:12,0,1,7
BRDA:12,1,0,8
BRDA:12,1,1,2
BRDA:16,2,0,1
BRDA:16,2,1,6
BRDA:16,3,0,7
BRDA:16,3,1,1
BRDA:23,4,0,1
BRDA:23,4,1,5
BRDA:23,5,0,6
BRDA:23,5,1,6
BRDA:36,6,0,8
BRDA:36,6,1,16
BRDA:36,7,0,24
BRDA:36,7,1,20
BRDA:36,7,2,12
BRDA:39,8,0,4
BRDA:39,8,1,12
BRDA:39,9,0,16
BRDA:39,9,1,12
BRDA:39,9,2,4
BRDA:44,10,0,8
BRDA:44,10,1,16
BRDA:44,11,0,24
BRDA:44,11,1,20
BRDA:47,12,0,4
BRDA:47,12,1,12
BRDA:47,13,0,16
BRDA:47,13,1,4
BRF:30
BRH:30
end_of_record
TN:
SF:src/formatOutput.js
FN:1,(anonymous_0)
FN:4,(anonymous_1)
FNF:2
FNH:2
FNDA:8,(anonymous_0)
FNDA:35,(anonymous_1)
DA:1,1
DA:2,8
DA:4,8
DA:5,35
DA:6,35
DA:9,8
DA:10,8
LF:7
LH:7
BRF:0
BRH:0
end_of_record
TN:
SF:src/index.js
FN:6,(anonymous_0)
FNF:1
FNH:1
FNDA:8,(anonymous_0)
DA:6,1
DA:7,8
DA:8,8
DA:10,8
DA:12,8
LF:5
LH:5
BRF:0
BRH:0
end_of_record
TN:
SF:src/parse.js
FN:6,(anonymous_0)
FNF:1
FNH:1
FNDA:21,(anonymous_0)
DA:6,1
DA:7,21
DA:9,21
DA:12,21
DA:14,21
DA:15,1
DA:18,20
DA:19,20
DA:20,14
DA:23,6
DA:24,6
DA:28,2
DA:29,2
LF:13
LH:13
BRDA:14,0,0,1
BRDA:14,0,1,20
BRDA:19,1,0,14
BRDA:19,1,1,6
BRDA:23,2,0,6
BRDA:23,2,1,0
BRDA:23,3,0,6
BRDA:23,3,1,6
BRF:8
BRH:7
end_of_record
