TN:
SF:src/index.js
FN:6,(anonymous_0)
FNF:1
FNH:1
FNDA:7,(anonymous_0)
DA:6,1
DA:7,7
DA:8,7
DA:10,7
DA:12,7
DA:14,7
DA:16,0
LF:7
LH:6
BRDA:6,0,0,7
BRDA:12,1,0,7
BRDA:12,1,1,0
BRF:3
BRH:2
end_of_record
TN:
SF:src/formatters/stylishFormat.js
FN:3,(anonymous_0)
FN:4,(anonymous_1)
FN:16,(anonymous_2)
FN:22,(anonymous_3)
FN:28,(anonymous_4)
FNF:5
FNH:5
FNDA:7,(anonymous_0)
FNDA:92,(anonymous_1)
FNDA:27,(anonymous_2)
FNDA:19,(anonymous_3)
FNDA:65,(anonymous_4)
DA:3,1
DA:4,7
DA:5,92
DA:6,71
DA:9,21
DA:10,21
DA:12,21
DA:13,21
DA:15,21
DA:16,27
DA:18,21
DA:22,7
DA:23,19
DA:24,19
DA:25,19
DA:26,19
DA:28,19
DA:29,65
DA:31,18
DA:33,10
DA:35,12
DA:40,13
DA:42,12
DA:44,0
DA:47,19
DA:49,7
LF:26
LH:25
BRDA:5,0,0,71
BRDA:5,0,1,21
BRDA:29,1,0,18
BRDA:29,1,1,10
BRDA:29,1,2,12
BRDA:29,1,3,13
BRDA:29,1,4,12
BRDA:29,1,5,0
BRF:8
BRH:7
end_of_record
TN:
SF:src/modules/generateDiffData.js
FN:3,(anonymous_0)
FN:9,(anonymous_1)
FNF:2
FNH:2
FNDA:19,(anonymous_0)
FNDA:65,(anonymous_1)
DA:3,1
DA:4,19
DA:5,19
DA:6,19
DA:7,19
DA:9,19
DA:10,65
DA:11,18
DA:18,47
DA:19,10
DA:26,37
DA:27,37
DA:29,37
DA:30,12
DA:37,25
DA:38,13
DA:45,12
DA:46,12
DA:54,19
LF:19
LH:19
BRDA:10,0,0,18
BRDA:10,0,1,47
BRDA:18,1,0,10
BRDA:18,1,1,37
BRDA:29,2,0,12
BRDA:29,2,1,25
BRDA:29,3,0,37
BRDA:29,3,1,15
BRDA:37,4,0,13
BRDA:37,4,1,12
BRDA:37,5,0,25
BRDA:37,5,1,25
BRDA:37,5,2,25
BRDA:45,6,0,12
BRDA:45,6,1,0
BRDA:45,7,0,12
BRDA:45,7,1,12
BRDA:45,7,2,12
BRF:18
BRH:17
end_of_record
TN:
SF:src/modules/parsers.js
FN:6,(anonymous_0)
FNF:1
FNH:1
FNDA:19,(anonymous_0)
DA:6,1
DA:7,19
DA:9,19
DA:12,19
DA:14,19
DA:15,1
DA:18,18
DA:19,18
DA:21,13
DA:23,5
DA:24,5
DA:28,2
LF:12
LH:12
BRDA:14,0,0,1
BRDA:14,0,1,18
BRDA:19,1,0,13
BRDA:19,1,1,5
BRDA:23,2,0,5
BRDA:23,2,1,0
BRDA:23,3,0,5
BRDA:23,3,1,5
BRF:8
BRH:7
end_of_record
